2024-04-09 15:20:59,683 [myid:] - INFO  [main:QuorumPeerConfig@174] - Reading configuration from: /root/project/zookeeper/bin/../conf/zoo.cfg
2024-04-09 15:20:59,697 [myid:] - INFO  [main:QuorumPeerConfig@460] - clientPortAddress is 0.0.0.0:2186
2024-04-09 15:20:59,697 [myid:] - INFO  [main:QuorumPeerConfig@464] - secureClientPort is not set
2024-04-09 15:20:59,697 [myid:] - INFO  [main:QuorumPeerConfig@480] - observerMasterPort is not set
2024-04-09 15:20:59,698 [myid:] - INFO  [main:QuorumPeerConfig@497] - metricsProvider.className is org.apache.zookeeper.metrics.impl.DefaultMetricsProvider
2024-04-09 15:20:59,700 [myid:] - INFO  [main:DatadirCleanupManager@78] - autopurge.snapRetainCount set to 3
2024-04-09 15:20:59,700 [myid:] - INFO  [main:DatadirCleanupManager@79] - autopurge.purgeInterval set to 0
2024-04-09 15:20:59,700 [myid:] - INFO  [main:DatadirCleanupManager@101] - Purge task is not scheduled.
2024-04-09 15:20:59,700 [myid:] - WARN  [main:QuorumPeerMain@138] - Either no config or no quorum defined in config, running in standalone mode
2024-04-09 15:20:59,705 [myid:] - INFO  [main:ManagedUtil@44] - Log4j 1.2 jmx support found and enabled.
2024-04-09 15:20:59,716 [myid:] - INFO  [main:QuorumPeerConfig@174] - Reading configuration from: /root/project/zookeeper/bin/../conf/zoo.cfg
2024-04-09 15:20:59,716 [myid:] - INFO  [main:QuorumPeerConfig@460] - clientPortAddress is 0.0.0.0:2186
2024-04-09 15:20:59,717 [myid:] - INFO  [main:QuorumPeerConfig@464] - secureClientPort is not set
2024-04-09 15:20:59,717 [myid:] - INFO  [main:QuorumPeerConfig@480] - observerMasterPort is not set
2024-04-09 15:20:59,717 [myid:] - INFO  [main:QuorumPeerConfig@497] - metricsProvider.className is org.apache.zookeeper.metrics.impl.DefaultMetricsProvider
2024-04-09 15:20:59,717 [myid:] - INFO  [main:ZooKeeperServerMain@122] - Starting server
2024-04-09 15:20:59,737 [myid:] - INFO  [main:ServerMetrics@62] - ServerMetrics initialized with provider org.apache.zookeeper.metrics.impl.DefaultMetricsProvider@3ac3fd8b
2024-04-09 15:20:59,741 [myid:] - INFO  [main:FileTxnSnapLog@124] - zookeeper.snapshot.trust.empty : false
2024-04-09 15:20:59,753 [myid:] - INFO  [main:ZookeeperBanner@42] - 
2024-04-09 15:20:59,753 [myid:] - INFO  [main:ZookeeperBanner@42] -   ______                  _                                          
2024-04-09 15:20:59,754 [myid:] - INFO  [main:ZookeeperBanner@42] -  |___  /                 | |                                         
2024-04-09 15:20:59,754 [myid:] - INFO  [main:ZookeeperBanner@42] -     / /    ___     ___   | | __   ___    ___   _ __     ___   _ __   
2024-04-09 15:20:59,754 [myid:] - INFO  [main:ZookeeperBanner@42] -    / /    / _ \   / _ \  | |/ /  / _ \  / _ \ | '_ \   / _ \ | '__|
2024-04-09 15:20:59,754 [myid:] - INFO  [main:ZookeeperBanner@42] -   / /__  | (_) | | (_) | |   <  |  __/ |  __/ | |_) | |  __/ | |    
2024-04-09 15:20:59,754 [myid:] - INFO  [main:ZookeeperBanner@42] -  /_____|  \___/   \___/  |_|\_\  \___|  \___| | .__/   \___| |_|
2024-04-09 15:20:59,754 [myid:] - INFO  [main:ZookeeperBanner@42] -                                               | |                     
2024-04-09 15:20:59,754 [myid:] - INFO  [main:ZookeeperBanner@42] -                                               |_|                     
2024-04-09 15:20:59,754 [myid:] - INFO  [main:ZookeeperBanner@42] - 
2024-04-09 15:20:59,758 [myid:] - INFO  [main:Environment@98] - Server environment:zookeeper.version=3.6.3--6401e4ad2087061bc6b9f80dec2d69f2e3c8660a, built on 04/08/2021 16:35 GMT
2024-04-09 15:20:59,758 [myid:] - INFO  [main:Environment@98] - Server environment:host.name=c2024040703152
2024-04-09 15:20:59,758 [myid:] - INFO  [main:Environment@98] - Server environment:java.version=1.8.0_351
2024-04-09 15:20:59,758 [myid:] - INFO  [main:Environment@98] - Server environment:java.vendor=Oracle Corporation
2024-04-09 15:20:59,758 [myid:] - INFO  [main:Environment@98] - Server environment:java.home=/software/jdk1.8.0_351/jre
2024-04-09 15:20:59,758 [myid:] - INFO  [main:Environment@98] - Server environment:java.class.path=/root/project/zookeeper/bin/../zookeeper-server/target/classes:/root/project/zookeeper/bin/../build/classes:/root/project/zookeeper/bin/../zookeeper-server/target/lib/*.jar:/root/project/zookeeper/bin/../build/lib/*.jar:/root/project/zookeeper/bin/../lib/zookeeper-prometheus-metrics-3.6.3.jar:/root/project/zookeeper/bin/../lib/zookeeper-jute-3.6.3.jar:/root/project/zookeeper/bin/../lib/zookeeper-3.6.3.jar:/root/project/zookeeper/bin/../lib/snappy-java-1.1.7.jar:/root/project/zookeeper/bin/../lib/slf4j-log4j12-1.7.25.jar:/root/project/zookeeper/bin/../lib/slf4j-api-1.7.25.jar:/root/project/zookeeper/bin/../lib/simpleclient_servlet-0.6.0.jar:/root/project/zookeeper/bin/../lib/simpleclient_hotspot-0.6.0.jar:/root/project/zookeeper/bin/../lib/simpleclient_common-0.6.0.jar:/root/project/zookeeper/bin/../lib/simpleclient-0.6.0.jar:/root/project/zookeeper/bin/../lib/netty-transport-native-unix-common-4.1.63.Final.jar:/root/project/zookeeper/bin/../lib/netty-transport-native-epoll-4.1.63.Final.jar:/root/project/zookeeper/bin/../lib/netty-transport-4.1.63.Final.jar:/root/project/zookeeper/bin/../lib/netty-resolver-4.1.63.Final.jar:/root/project/zookeeper/bin/../lib/netty-handler-4.1.63.Final.jar:/root/project/zookeeper/bin/../lib/netty-common-4.1.63.Final.jar:/root/project/zookeeper/bin/../lib/netty-codec-4.1.63.Final.jar:/root/project/zookeeper/bin/../lib/netty-buffer-4.1.63.Final.jar:/root/project/zookeeper/bin/../lib/metrics-core-3.2.5.jar:/root/project/zookeeper/bin/../lib/log4j-1.2.17.jar:/root/project/zookeeper/bin/../lib/json-simple-1.1.1.jar:/root/project/zookeeper/bin/../lib/jline-2.14.6.jar:/root/project/zookeeper/bin/../lib/jetty-util-ajax-9.4.39.v20210325.jar:/root/project/zookeeper/bin/../lib/jetty-util-9.4.39.v20210325.jar:/root/project/zookeeper/bin/../lib/jetty-servlet-9.4.39.v20210325.jar:/root/project/zookeeper/bin/../lib/jetty-server-9.4.39.v20210325.jar:/root/project/zookeeper/bin/../lib/jetty-security-9.4.39.v20210325.jar:/root/project/zookeeper/bin/../lib/jetty-io-9.4.39.v20210325.jar:/root/project/zookeeper/bin/../lib/jetty-http-9.4.39.v20210325.jar:/root/project/zookeeper/bin/../lib/javax.servlet-api-3.1.0.jar:/root/project/zookeeper/bin/../lib/jackson-databind-2.10.5.1.jar:/root/project/zookeeper/bin/../lib/jackson-core-2.10.5.jar:/root/project/zookeeper/bin/../lib/jackson-annotations-2.10.5.jar:/root/project/zookeeper/bin/../lib/commons-cli-1.2.jar:/root/project/zookeeper/bin/../lib/audience-annotations-0.5.0.jar:/root/project/zookeeper/bin/../zookeeper-*.jar:/root/project/zookeeper/bin/../zookeeper-server/src/main/resources/lib/*.jar:/root/project/zookeeper/bin/../conf:
2024-04-09 15:20:59,759 [myid:] - INFO  [main:Environment@98] - Server environment:java.library.path=/usr/java/packages/lib/amd64:/usr/lib64:/lib64:/lib:/usr/lib
2024-04-09 15:20:59,759 [myid:] - INFO  [main:Environment@98] - Server environment:java.io.tmpdir=/tmp
2024-04-09 15:20:59,759 [myid:] - INFO  [main:Environment@98] - Server environment:java.compiler=<NA>
2024-04-09 15:20:59,759 [myid:] - INFO  [main:Environment@98] - Server environment:os.name=Linux
2024-04-09 15:20:59,759 [myid:] - INFO  [main:Environment@98] - Server environment:os.arch=amd64
2024-04-09 15:20:59,760 [myid:] - INFO  [main:Environment@98] - Server environment:os.version=3.10.0-957.el7.x86_64
2024-04-09 15:20:59,760 [myid:] - INFO  [main:Environment@98] - Server environment:user.name=root
2024-04-09 15:20:59,760 [myid:] - INFO  [main:Environment@98] - Server environment:user.home=/root
2024-04-09 15:20:59,760 [myid:] - INFO  [main:Environment@98] - Server environment:user.dir=/root
2024-04-09 15:20:59,760 [myid:] - INFO  [main:Environment@98] - Server environment:os.memory.free=225MB
2024-04-09 15:20:59,760 [myid:] - INFO  [main:Environment@98] - Server environment:os.memory.max=889MB
2024-04-09 15:20:59,760 [myid:] - INFO  [main:Environment@98] - Server environment:os.memory.total=240MB
2024-04-09 15:20:59,761 [myid:] - INFO  [main:ZooKeeperServer@129] - zookeeper.enableEagerACLCheck = false
2024-04-09 15:20:59,761 [myid:] - INFO  [main:ZooKeeperServer@137] - zookeeper.digest.enabled = true
2024-04-09 15:20:59,761 [myid:] - INFO  [main:ZooKeeperServer@141] - zookeeper.closeSessionTxn.enabled = true
2024-04-09 15:20:59,761 [myid:] - INFO  [main:ZooKeeperServer@1461] - zookeeper.flushDelay=0
2024-04-09 15:20:59,762 [myid:] - INFO  [main:ZooKeeperServer@1470] - zookeeper.maxWriteQueuePollTime=0
2024-04-09 15:20:59,762 [myid:] - INFO  [main:ZooKeeperServer@1479] - zookeeper.maxBatchSize=1000
2024-04-09 15:20:59,762 [myid:] - INFO  [main:ZooKeeperServer@243] - zookeeper.intBufferStartingSizeBytes = 1024
2024-04-09 15:20:59,764 [myid:] - INFO  [main:BlueThrottle@141] - Weighed connection throttling is disabled
2024-04-09 15:20:59,766 [myid:] - INFO  [main:ZooKeeperServer@1273] - minSessionTimeout set to 4000
2024-04-09 15:20:59,766 [myid:] - INFO  [main:ZooKeeperServer@1282] - maxSessionTimeout set to 40000
2024-04-09 15:20:59,768 [myid:] - INFO  [main:ResponseCache@45] - Response cache size is initialized with value 400.
2024-04-09 15:20:59,768 [myid:] - INFO  [main:ResponseCache@45] - Response cache size is initialized with value 400.
2024-04-09 15:20:59,770 [myid:] - INFO  [main:RequestPathMetricsCollector@109] - zookeeper.pathStats.slotCapacity = 60
2024-04-09 15:20:59,770 [myid:] - INFO  [main:RequestPathMetricsCollector@110] - zookeeper.pathStats.slotDuration = 15
2024-04-09 15:20:59,770 [myid:] - INFO  [main:RequestPathMetricsCollector@111] - zookeeper.pathStats.maxDepth = 6
2024-04-09 15:20:59,770 [myid:] - INFO  [main:RequestPathMetricsCollector@112] - zookeeper.pathStats.initialDelay = 5
2024-04-09 15:20:59,771 [myid:] - INFO  [main:RequestPathMetricsCollector@113] - zookeeper.pathStats.delay = 5
2024-04-09 15:20:59,771 [myid:] - INFO  [main:RequestPathMetricsCollector@114] - zookeeper.pathStats.enabled = false
2024-04-09 15:20:59,775 [myid:] - INFO  [main:ZooKeeperServer@1498] - The max bytes for all large requests are set to 104857600
2024-04-09 15:20:59,775 [myid:] - INFO  [main:ZooKeeperServer@1512] - The large request threshold is set to -1
2024-04-09 15:20:59,776 [myid:] - INFO  [main:ZooKeeperServer@339] - Created server with tickTime 2000 minSessionTimeout 4000 maxSessionTimeout 40000 clientPortListenBacklog -1 datadir /tmp/zookeeper/version-2 snapdir /tmp/zookeeper/version-2
2024-04-09 15:20:59,805 [myid:] - INFO  [main:Log@169] - Logging initialized @876ms to org.eclipse.jetty.util.log.Slf4jLog
2024-04-09 15:20:59,925 [myid:] - WARN  [main:ContextHandler@1660] - o.e.j.s.ServletContextHandler@e320068{/,null,STOPPED} contextPath ends with /*
2024-04-09 15:20:59,925 [myid:] - WARN  [main:ContextHandler@1671] - Empty contextPath
2024-04-09 15:20:59,948 [myid:] - INFO  [main:Server@375] - jetty-9.4.39.v20210325; built: 2021-03-25T14:42:11.471Z; git: 9fc7ca5a922f2a37b84ec9dbc26a5168cee7e667; jvm 1.8.0_351-b10
2024-04-09 15:21:00,004 [myid:] - INFO  [main:DefaultSessionIdManager@334] - DefaultSessionIdManager workerName=node0
2024-04-09 15:21:00,004 [myid:] - INFO  [main:DefaultSessionIdManager@339] - No SessionScavenger set, using defaults
2024-04-09 15:21:00,007 [myid:] - INFO  [main:HouseKeeper@132] - node0 Scavenging every 600000ms
2024-04-09 15:21:00,013 [myid:] - WARN  [main:ConstraintSecurityHandler@759] - ServletContext@o.e.j.s.ServletContextHandler@e320068{/,null,STARTING} has uncovered http methods for path: /*
2024-04-09 15:21:00,029 [myid:] - INFO  [main:ContextHandler@916] - Started o.e.j.s.ServletContextHandler@e320068{/,null,AVAILABLE}
2024-04-09 15:21:00,051 [myid:] - INFO  [main:AbstractConnector@331] - Started ServerConnector@13a5fe33{HTTP/1.1, (http/1.1)}{0.0.0.0:8080}
2024-04-09 15:21:00,051 [myid:] - INFO  [main:Server@415] - Started @1122ms
2024-04-09 15:21:00,051 [myid:] - INFO  [main:JettyAdminServer@191] - Started AdminServer on address 0.0.0.0, port 8080 and command URL /commands
2024-04-09 15:21:00,057 [myid:] - INFO  [main:ServerCnxnFactory@169] - Using org.apache.zookeeper.server.NIOServerCnxnFactory as server connection factory
2024-04-09 15:21:00,059 [myid:] - WARN  [main:ServerCnxnFactory@309] - maxCnxns is not configured, using default value 0.
2024-04-09 15:21:00,062 [myid:] - INFO  [main:NIOServerCnxnFactory@666] - Configuring NIO connection handler with 10s sessionless connection timeout, 2 selector thread(s), 16 worker threads, and 64 kB direct buffers.
2024-04-09 15:21:00,064 [myid:] - INFO  [main:NIOServerCnxnFactory@674] - binding to port 0.0.0.0/0.0.0.0:2186
2024-04-09 15:21:00,087 [myid:] - INFO  [main:WatchManagerFactory@42] - Using org.apache.zookeeper.server.watch.WatchManager as watch manager
2024-04-09 15:21:00,087 [myid:] - INFO  [main:WatchManagerFactory@42] - Using org.apache.zookeeper.server.watch.WatchManager as watch manager
2024-04-09 15:21:00,087 [myid:] - INFO  [main:ZKDatabase@132] - zookeeper.snapshotSizeFactor = 0.33
2024-04-09 15:21:00,088 [myid:] - INFO  [main:ZKDatabase@152] - zookeeper.commitLogCount=500
2024-04-09 15:21:00,092 [myid:] - INFO  [main:SnapStream@61] - zookeeper.snapshot.compression.method = CHECKED
2024-04-09 15:21:00,093 [myid:] - INFO  [main:FileSnap@85] - Reading snapshot /tmp/zookeeper/version-2/snapshot.0
2024-04-09 15:21:00,097 [myid:] - INFO  [main:DataTree@1737] - The digest value is empty in snapshot
2024-04-09 15:21:00,101 [myid:] - INFO  [main:ZKDatabase@289] - Snapshot loaded in 14 ms, highest zxid is 0x0, digest is 1371985504
2024-04-09 15:21:00,101 [myid:] - INFO  [main:FileTxnSnapLog@470] - Snapshotting: 0x0 to /tmp/zookeeper/version-2/snapshot.0
2024-04-09 15:21:00,103 [myid:] - INFO  [main:ZooKeeperServer@529] - Snapshot taken in 2 ms
2024-04-09 15:21:00,115 [myid:] - INFO  [ProcessThread(sid:0 cport:2186)::PrepRequestProcessor@136] - PrepRequestProcessor (sid:0) started, reconfigEnabled=false
2024-04-09 15:21:00,115 [myid:] - INFO  [main:RequestThrottler@74] - zookeeper.request_throttler.shutdownTimeout = 10000
2024-04-09 15:21:00,136 [myid:] - INFO  [main:ContainerManager@83] - Using checkIntervalMs=60000 maxPerMinute=10000 maxNeverUsedIntervalMs=0
2024-04-09 15:21:00,137 [myid:] - INFO  [main:ZKAuditProvider@42] - ZooKeeper audit is disabled.
2024-04-09 15:21:25,454 [myid:] - INFO  [SyncThread:0:FileTxnLog@284] - Creating new log file: log.1
